<?xml version="1.0" encoding="UTF-8"?>
<!-- Generated by org.testng.reporters.JUnitXMLReporter -->
<testsuite hostname="LAPTOP-FFCI1MS4" ignored="0" name="Expert testcases" tests="6" failures="1" timestamp="30 Dec 2021 06:35:03 GMT" time="108.247" errors="0">
  <testcase name="checkArticleTest" time="4.373" classname="com.connectedminds.expert.qa.test.HomePageTest"/>
  <testcase name="checkCoursesPageTest" time="1.596" classname="com.connectedminds.expert.qa.test.HomePageTest">
    <failure type="java.lang.AssertionError" message="expected [https://test-connectedminds-expert.connectlab.ai/feeds/courses] but found [https://test-connectedminds-expert.connectlab.ai/feeds/trending]">
      <![CDATA[java.lang.AssertionError: expected [https://test-connectedminds-expert.connectlab.ai/feeds/courses] but found [https://test-connectedminds-expert.connectlab.ai/feeds/trending]
	at com.connectedminds.expert.qa.test.HomePageTest.checkCoursesPageTest(HomePageTest.java:37)
... Removed 31 stack frames]]>
    </failure>
  </testcase> <!-- checkCoursesPageTest -->
  <testcase name="checkPodcastPageTest" time="1.691" classname="com.connectedminds.expert.qa.test.HomePageTest"/>
  <testcase name="checkPostPageTest" time="2.217" classname="com.connectedminds.expert.qa.test.HomePageTest"/>
  <testcase name="checkSavedPageTest" time="1.591" classname="com.connectedminds.expert.qa.test.HomePageTest"/>
  <testcase name="checkTrendingPageTest" time="1.767" classname="com.connectedminds.expert.qa.test.HomePageTest"/>
</testsuite> <!-- Expert testcases -->
