<?xml version="1.0" encoding="UTF-8"?>
<!-- Generated by org.testng.reporters.JUnitXMLReporter -->
<testsuite hostname="LAPTOP-FFCI1MS4" ignored="3" name="Default test" tests="1" failures="0" timestamp="28 Dec 2021 13:38:25 GMT" time="13.108" errors="0">
  <testcase name="loginNegativeTest" time="4.839" classname="com.connectedminds.expert.qa.test.LoginPageTest"/>
  <testcase name="loginTest" time="0.0" classname="com.connectedminds.expert.qa.test.LoginPageTest">
    <ignored/>
  </testcase> <!-- loginTest -->
  <testcase name="logoAvailableTest" time="0.0" classname="com.connectedminds.expert.qa.test.LoginPageTest">
    <ignored/>
  </testcase> <!-- logoAvailableTest -->
  <testcase name="loginPageTitleTest" time="0.0" classname="com.connectedminds.expert.qa.test.LoginPageTest">
    <ignored/>
  </testcase> <!-- loginPageTitleTest -->
</testsuite> <!-- Default test -->
