<?xml version="1.0" encoding="UTF-8"?>
<!-- Generated by org.testng.reporters.JUnitXMLReporter -->
<testsuite hostname="LAPTOP-FFCI1MS4" ignored="0" name="Default test" tests="3" failures="0" timestamp="13 Dec 2021 05:17:01 GMT" time="23.675" errors="0">
  <testcase name="loginTest" time="0.848" classname="com.connectedminds.expert.qa.test.LoginPageTest"/>
  <testcase name="logoAvailable" time="0.089" classname="com.connectedminds.expert.qa.test.LoginPageTest"/>
  <testcase name="loginPageTitleTest" time="0.008" classname="com.connectedminds.expert.qa.test.LoginPageTest"/>
</testsuite> <!-- Default test -->
