<?xml version="1.0" encoding="UTF-8"?>
<testng-results skipped="0" failed="0" ignored="5" total="6" passed="1">
  <reporter-output>
  </reporter-output>
  <suite name="Default suite" duration-ms="40258" started-at="2021-12-25T12:15:03Z" finished-at="2021-12-25T12:15:43Z">
    <groups>
    </groups>
    <test name="Default test" duration-ms="40258" started-at="2021-12-25T12:15:03Z" finished-at="2021-12-25T12:15:43Z">
      <class name="com.connectedminds.expert.qa.test.HomePageTest">
        <test-method status="PASS" signature="setUp()[pri:0, instance:com.connectedminds.expert.qa.test.HomePageTest@9e7ee8]" name="setUp" is-config="true" duration-ms="36815" started-at="2021-12-25T17:45:03Z" finished-at="2021-12-25T17:45:39Z">
          <reporter-output>
          </reporter-output>
        </test-method> <!-- setUp -->
        <test-method status="PASS" signature="checkTrendingPageTest()[pri:0, instance:com.connectedminds.expert.qa.test.HomePageTest@9e7ee8]" name="checkTrendingPageTest" duration-ms="2621" started-at="2021-12-25T17:45:39Z" finished-at="2021-12-25T17:45:42Z">
          <reporter-output>
          </reporter-output>
        </test-method> <!-- checkTrendingPageTest -->
        <test-method status="PASS" signature="tearDown()[pri:0, instance:com.connectedminds.expert.qa.test.HomePageTest@9e7ee8]" name="tearDown" is-config="true" duration-ms="789" started-at="2021-12-25T17:45:42Z" finished-at="2021-12-25T17:45:43Z">
          <reporter-output>
          </reporter-output>
        </test-method> <!-- tearDown -->
      </class> <!-- com.connectedminds.expert.qa.test.HomePageTest -->
    </test> <!-- Default test -->
  </suite> <!-- Default suite -->
</testng-results>
